1708295977: mosquitto version 2.0.18 starting
1708295977: Config loaded from /mosquitto/config/mosquitto.conf.
1708295977: Warning: File /mosquitto/config/passwd has world readable permissions. Future versions will refuse to load this file.
To fix this, use `chmod 0700 /mosquitto/config/passwd`.
1708295977: Opening ipv4 listen socket on port 1883.
1708295977: Opening ipv6 listen socket on port 1883.
1708295977: mosquitto version 2.0.18 running
1708295993: New connection from 172.100.10.1:58554 on port 1883.
1708295993: New client connected from 172.100.10.1:58554 as FleetClient (p2, c1, k60, u'admin').
1708295993: No will message specified.
1708295993: Sending CONNACK to FleetClient (0, 0)
1708295993: Received SUBSCRIBE from FleetClient
1708295993: 	devices/new (QoS 1)
1708295993: FleetClient 1 devices/new
1708295993: Sending SUBACK to FleetClient
1708295993: Sending PUBLISH to FleetClient (d0, q1, r1, m1, 'devices/new', ... (89 bytes))
1708295993: Received SUBSCRIBE from FleetClient
1708295993: 	lifecycle/status (QoS 1)
1708295993: FleetClient 1 lifecycle/status
1708295993: Sending SUBACK to FleetClient
1708295993: Received PUBACK from FleetClient (Mid: 1, RC:0)
1708296044: mosquitto version 2.0.18 terminating
1708296044: Saving in-memory database to /mosquitto/data//mosquitto.db.
1708296051: mosquitto version 2.0.18 starting
1708296051: Config loaded from /mosquitto/config/mosquitto.conf.
1708296051: Warning: File /mosquitto/config/passwd has world readable permissions. Future versions will refuse to load this file.
To fix this, use `chmod 0700 /mosquitto/config/passwd`.
1708296051: Opening ipv4 listen socket on port 1883.
1708296051: Opening ipv6 listen socket on port 1883.
1708296051: mosquitto version 2.0.18 running
1708296051: New connection from 172.100.10.1:58556 on port 1883.
1708296051: New client connected from 172.100.10.1:58556 as FleetClient (p2, c1, k60, u'admin').
1708296051: No will message specified.
1708296051: Sending CONNACK to FleetClient (0, 0)
1708296111: Received PINGREQ from FleetClient
1708296111: Sending PINGRESP to FleetClient
1708296172: Received PINGREQ from FleetClient
1708296172: Sending PINGRESP to FleetClient
1708296232: Received PINGREQ from FleetClient
1708296232: Sending PINGRESP to FleetClient
1708296292: Received PINGREQ from FleetClient
1708296292: Sending PINGRESP to FleetClient
1708296352: Received PINGREQ from FleetClient
1708296352: Sending PINGRESP to FleetClient
1708296412: Received PINGREQ from FleetClient
1708296412: Sending PINGRESP to FleetClient
1708296472: Received PINGREQ from FleetClient
1708296472: Sending PINGRESP to FleetClient
1708296532: Received PINGREQ from FleetClient
1708296532: Sending PINGRESP to FleetClient
1708296592: Received PINGREQ from FleetClient
1708296592: Sending PINGRESP to FleetClient
1708296652: Received PINGREQ from FleetClient
1708296652: Sending PINGRESP to FleetClient
1708296712: Received PINGREQ from FleetClient
1708296712: Sending PINGRESP to FleetClient
1708296758: Client FleetClient closed its connection.
1708296763: New connection from 172.100.10.1:58558 on port 1883.
1708296763: New client connected from 172.100.10.1:58558 as FleetClient (p2, c1, k60, u'admin').
1708296763: No will message specified.
1708296763: Sending CONNACK to FleetClient (0, 0)
1708296763: Received SUBSCRIBE from FleetClient
1708296763: 	devices/new (QoS 1)
1708296763: FleetClient 1 devices/new
1708296763: Sending SUBACK to FleetClient
1708296763: Sending PUBLISH to FleetClient (d0, q1, r1, m1, 'devices/new', ... (89 bytes))
1708296763: Received SUBSCRIBE from FleetClient
1708296763: 	lifecycle/status (QoS 1)
1708296763: FleetClient 1 lifecycle/status
1708296763: Sending SUBACK to FleetClient
1708296764: Received PUBACK from FleetClient (Mid: 1, RC:0)
1708296772: mosquitto version 2.0.18 terminating
1708296772: Saving in-memory database to /mosquitto/data//mosquitto.db.
1708296806: mosquitto version 2.0.18 starting
1708296806: Config loaded from /mosquitto/config/mosquitto.conf.
1708296806: Warning: File /mosquitto/config/passwd has world readable permissions. Future versions will refuse to load this file.
To fix this, use `chmod 0700 /mosquitto/config/passwd`.
1708296806: Opening ipv4 listen socket on port 1883.
1708296806: Opening ipv6 listen socket on port 1883.
1708296806: mosquitto version 2.0.18 running
1708296816: New connection from 172.100.10.1:58560 on port 1883.
1708296816: New client connected from 172.100.10.1:58560 as test (p2, c1, k60, u'admin').
1708296816: No will message specified.
1708296816: Sending CONNACK to test (0, 0)
1708296816: Received SUBSCRIBE from test
1708296816: 	devices/new (QoS 0)
1708296816: test 0 devices/new
1708296816: Sending SUBACK to test
1708296816: Sending PUBLISH to test (d0, q0, r1, m0, 'devices/new', ... (89 bytes))
1708296816: Received SUBSCRIBE from test
1708296816: 	lifecycle/status (QoS 0)
1708296816: test 0 lifecycle/status
1708296816: Sending SUBACK to test
1708296819: New connection from 172.100.10.1:58562 on port 1883.
1708296819: New client connected from 172.100.10.1:58562 as FleetClient (p2, c1, k60, u'admin').
1708296819: No will message specified.
1708296819: Sending CONNACK to FleetClient (0, 0)
1708296820: Received PUBLISH from test (d0, q0, r0, m0, 'devices/new', ... (120 bytes))
1708296820: Sending PUBLISH to test (d0, q0, r0, m0, 'devices/new', ... (120 bytes))
1708296828: Received PUBLISH from test (d0, q0, r0, m0, 'devices/new', ... (120 bytes))
1708296828: Sending PUBLISH to test (d0, q0, r0, m0, 'devices/new', ... (120 bytes))
1708296879: Received PINGREQ from FleetClient
1708296879: Sending PINGRESP to FleetClient
1708296888: Received PINGREQ from test
1708296888: Sending PINGRESP to test
1708296889: Client FleetClient closed its connection.
1708296892: New connection from 172.100.10.1:58564 on port 1883.
1708296892: New client connected from 172.100.10.1:58564 as FleetClient (p2, c1, k60, u'admin').
1708296892: No will message specified.
1708296892: Sending CONNACK to FleetClient (0, 0)
1708296893: Received SUBSCRIBE from FleetClient
1708296893: 	devices/new (QoS 1)
1708296893: FleetClient 1 devices/new
1708296893: Sending SUBACK to FleetClient
1708296893: Sending PUBLISH to FleetClient (d0, q1, r1, m1, 'devices/new', ... (89 bytes))
1708296893: Received SUBSCRIBE from FleetClient
1708296893: 	lifecycle/status (QoS 1)
1708296893: FleetClient 1 lifecycle/status
1708296893: Sending SUBACK to FleetClient
1708296893: Received PUBACK from FleetClient (Mid: 1, RC:0)
1708296939: Received PUBLISH from test (d0, q0, r0, m0, 'devices/new', ... (120 bytes))
1708296939: Sending PUBLISH to test (d0, q0, r0, m0, 'devices/new', ... (120 bytes))
1708296939: Sending PUBLISH to FleetClient (d0, q0, r0, m0, 'devices/new', ... (120 bytes))
1708296953: Received PINGREQ from FleetClient
1708296953: Sending PINGRESP to FleetClient
1708296979: Received PUBLISH from test (d0, q0, r0, m0, 'devices/new', ... (120 bytes))
1708296979: Sending PUBLISH to test (d0, q0, r0, m0, 'devices/new', ... (120 bytes))
1708296979: Sending PUBLISH to FleetClient (d0, q0, r0, m0, 'devices/new', ... (120 bytes))
1708297013: Received PINGREQ from FleetClient
1708297013: Sending PINGRESP to FleetClient
1708297026: Received PUBLISH from test (d0, q0, r0, m0, 'devices/new', ... (150 bytes))
1708297026: Sending PUBLISH to test (d0, q0, r0, m0, 'devices/new', ... (150 bytes))
1708297026: Sending PUBLISH to FleetClient (d0, q0, r0, m0, 'devices/new', ... (150 bytes))
1708297073: Received PINGREQ from FleetClient
1708297073: Sending PINGRESP to FleetClient
1708297086: Received PINGREQ from test
1708297086: Sending PINGRESP to test
1708297086: Received PUBLISH from test (d0, q0, r0, m0, 'devices/new', ... (149 bytes))
1708297086: Sending PUBLISH to test (d0, q0, r0, m0, 'devices/new', ... (149 bytes))
1708297086: Sending PUBLISH to FleetClient (d0, q0, r0, m0, 'devices/new', ... (149 bytes))
1708297133: Received PINGREQ from FleetClient
1708297133: Sending PINGRESP to FleetClient
1708297143: Received UNSUBSCRIBE from test
1708297143: 	lifecycle/status
1708297143: test lifecycle/status
1708297143: Sending UNSUBACK to test
1708297143: Received SUBSCRIBE from test
1708297143: 	lifecycle/status (QoS 1)
1708297143: test 1 lifecycle/status
1708297143: Sending SUBACK to test
1708297180: mosquitto version 2.0.18 terminating
1708297180: Saving in-memory database to /mosquitto/data//mosquitto.db.
1713267370: mosquitto version 2.0.18 starting
1713267370: Config loaded from /mosquitto/config/mosquitto.conf.
1713267370: Warning: File /mosquitto/config/passwd has world readable permissions. Future versions will refuse to load this file.
To fix this, use `chmod 0700 /mosquitto/config/passwd`.
1713267370: Opening ipv4 listen socket on port 1883.
1713267370: Opening ipv6 listen socket on port 1883.
1713267370: mosquitto version 2.0.18 running
1713267422: mosquitto version 2.0.18 terminating
1713267422: Saving in-memory database to /mosquitto/data//mosquitto.db.
